#
# There is insufficient memory for the Java Runtime Environment to continue.
# Native memory allocation (malloc) failed to allocate 1154336 bytes for Chunk::new
# Possible reasons:
#   The system is out of physical RAM or swap space
#   The process is running with CompressedOops enabled, and the Java Heap may be blocking the growth of the native heap
# Possible solutions:
#   Reduce memory load on the system
#   Increase physical memory or swap space
#   Check if swap backing store is full
#   Decrease Java heap size (-Xmx/-Xms)
#   Decrease number of Java threads
#   Decrease Java thread stack sizes (-Xss)
#   Set larger code cache with -XX:ReservedCodeCacheSize=
#   JVM is running with Unscaled Compressed Oops mode in which the Java heap is
#     placed in the first 4GB address space. The Java Heap base address is the
#     maximum limit for the native heap growth. Please use -XX:HeapBaseMinAddress
#     to set the Java Heap base and to place the Java Heap above 4GB virtual address.
# This output file may be truncated or incomplete.
#
#  Out of Memory Error (src/hotspot/share/memory/arena.cpp:197), pid=12636, tid=16144
#
# JRE version: OpenJDK Runtime Environment (11.0.15) (build 11.0.15+0-b2043.56-9505619)
# Java VM: OpenJDK 64-Bit Server VM (11.0.15+0-b2043.56-9505619, mixed mode, tiered, compressed oops, g1 gc, windows-amd64)
# No core dump will be written. Minidumps are not enabled by default on client versions of Windows
#

---------------  S U M M A R Y ------------

Command Line: --add-opens=java.base/java.util=ALL-UNNAMED --add-opens=java.base/java.lang=ALL-UNNAMED --add-opens=java.base/java.lang.invoke=ALL-UNNAMED --add-opens=java.base/java.util=ALL-UNNAMED --add-opens=java.prefs/java.util.prefs=ALL-UNNAMED --add-opens=java.prefs/java.util.prefs=ALL-UNNAMED --add-opens=java.base/java.nio.charset=ALL-UNNAMED --add-opens=java.base/java.net=ALL-UNNAMED --add-opens=java.base/java.util.concurrent.atomic=ALL-UNNAMED -Xmx2048m -Dfile.encoding=UTF-8 -Duser.country=CO -Duser.language=es -Duser.variant org.gradle.launcher.daemon.bootstrap.GradleDaemon 7.5

Host: AMD Ryzen 5 3500U with Radeon Vega Mobile Gfx  , 8 cores, 5G,  Windows 11 , 64 bit Build 22621 (10.0.22621.1635)
Time: Tue May 23 22:40:16 2023 Hora est. Pacífico, Sudamérica elapsed time: 34.572972 seconds (0d 0h 0m 34s)

---------------  T H R E A D  ---------------

Current thread (0x00000281a30ca000):  JavaThread "C2 CompilerThread0" daemon [_thread_in_native, id=16144, stack(0x00000092f9d00000,0x00000092f9e00000)]


Current CompileTask:
C2:  34573 9101       4       groovy.lang.MetaClassImpl$1MOPIter::methodNameAction (325 bytes)

Stack: [0x00000092f9d00000,0x00000092f9e00000]
Native frames: (J=compiled Java code, j=interpreted, Vv=VM code, C=native code)
V  [jvm.dll+0x64135a]
V  [jvm.dll+0x7d39f9]
V  [jvm.dll+0x7d51b9]
V  [jvm.dll+0x7d58a3]
V  [jvm.dll+0x2691c5]
V  [jvm.dll+0xc1a5c]
V  [jvm.dll+0xc200c]
V  [jvm.dll+0x2da2c2]
V  [jvm.dll+0x54cad9]
V  [jvm.dll+0x22a011]
V  [jvm.dll+0x223809]
V  [jvm.dll+0x220384]
V  [jvm.dll+0x19e851]
V  [jvm.dll+0x230479]
V  [jvm.dll+0x22e5ef]
V  [jvm.dll+0x794de1]
V  [jvm.dll+0x78dc24]
V  [jvm.dll+0x6400f6]
C  [ucrtbase.dll+0x29363]
C  [KERNEL32.DLL+0x126ad]
C  [ntdll.dll+0x5a9f8]


---------------  P R O C E S S  ---------------

Threads class SMR info:
_java_thread_list=0x00000281a659cb60, length=123, elements={
0x0000028188c21000, 0x00000281a30ae000, 0x00000281a30b7800, 0x00000281a3a62800,
0x00000281a30c8000, 0x00000281a30c8800, 0x00000281a30ca000, 0x00000281a30cf800,
0x00000281a30da000, 0x00000281a3ba7800, 0x00000281a5392000, 0x00000281a446e000,
0x00000281a60f5000, 0x00000281a4551800, 0x00000281a47d7800, 0x00000281a603d800,
0x00000281a5c86800, 0x00000281a4a6e000, 0x00000281a4a6f000, 0x00000281a5ff5000,
0x00000281a5031800, 0x00000281a5030800, 0x00000281a5033800, 0x00000281a5033000,
0x00000281a502f000, 0x00000281a5032000, 0x00000281a5034800, 0x00000281a5035800,
0x00000281a502f800, 0x00000281a7a5a800, 0x00000281a7a59800, 0x00000281a7a54800,
0x00000281a7a5b000, 0x00000281a7a5c000, 0x00000281a7a56800, 0x00000281a7a5d000,
0x00000281a7a58000, 0x00000281a7a57000, 0x00000281a7a5d800, 0x00000281a7a5e800,
0x00000281a7a58800, 0x00000281a7a61800, 0x00000281a7a60000, 0x00000281a7a5f800,
0x00000281a7a63800, 0x00000281a7a61000, 0x00000281a7a62800, 0x00000281a7d44800,
0x00000281a7d42000, 0x00000281a7d45000, 0x00000281a7d40000, 0x00000281a7d46000,
0x00000281a7d42800, 0x00000281a7d47000, 0x00000281a7d41000, 0x00000281a7d48800,
0x00000281a7d47800, 0x00000281a7d43800, 0x00000281a7d4f000, 0x00000281a7d49000,
0x00000281a7d4c800, 0x00000281a7d4a000, 0x00000281a7d4d800, 0x00000281a7d4e000,
0x00000281a7d4b000, 0x00000281a7d4b800, 0x00000281a61d8800, 0x00000281a61d9800,
0x00000281a61dc000, 0x00000281a61da800, 0x00000281a61db000, 0x00000281a61d6800,
0x00000281a61d8000, 0x00000281a61dd000, 0x00000281a61d7000, 0x00000281a61e0000,
0x00000281a61e1800, 0x00000281a61e1000, 0x00000281a61e3800, 0x00000281a61dd800,
0x00000281a61e2800, 0x00000281a61de800, 0x00000281a61df800, 0x00000281a61e5000,
0x00000281a61e4000, 0x00000281a7d6d000, 0x00000281a7d69800, 0x00000281a7d6a800,
0x00000281a7d6c000, 0x00000281a7d6d800, 0x00000281a7d6e800, 0x00000281a7d68800,
0x00000281a7d6f000, 0x00000281a7d70000, 0x00000281a7d71000, 0x00000281a7d6b000,
0x00000281a7d72800, 0x00000281a7d74000, 0x00000281a7d73800, 0x00000281a7d75000,
0x00000281a7d75800, 0x00000281a7d71800, 0x00000281a7d76800, 0x00000281a7d77800,
0x00000281a61b8800, 0x00000281a61b9800, 0x00000281a61bb000, 0x00000281a61ba000,
0x00000281a61bc000, 0x00000281a61b6000, 0x00000281a61bc800, 0x00000281a61b8000,
0x00000281a61b7000, 0x00000281a61be800, 0x00000281a61bf000, 0x00000281a61c0000,
0x00000281a61bd800, 0x00000281a61c1800, 0x00000281a61c1000, 0x00000281a61c4000,
0x00000281a61c2800, 0x00000281a61c3000, 0x00000281a61c5000
}

Java Threads: ( => current thread )
  0x0000028188c21000 JavaThread "main" [_thread_blocked, id=18756, stack(0x00000092f9100000,0x00000092f9200000)]
  0x00000281a30ae000 JavaThread "Reference Handler" daemon [_thread_blocked, id=20508, stack(0x00000092f9800000,0x00000092f9900000)]
  0x00000281a30b7800 JavaThread "Finalizer" daemon [_thread_blocked, id=2412, stack(0x00000092f9900000,0x00000092f9a00000)]
  0x00000281a3a62800 JavaThread "Signal Dispatcher" daemon [_thread_blocked, id=17200, stack(0x00000092f9a00000,0x00000092f9b00000)]
  0x00000281a30c8000 JavaThread "Attach Listener" daemon [_thread_blocked, id=13088, stack(0x00000092f9b00000,0x00000092f9c00000)]
  0x00000281a30c8800 JavaThread "Service Thread" daemon [_thread_blocked, id=9276, stack(0x00000092f9c00000,0x00000092f9d00000)]
=>0x00000281a30ca000 JavaThread "C2 CompilerThread0" daemon [_thread_in_native, id=16144, stack(0x00000092f9d00000,0x00000092f9e00000)]
  0x00000281a30cf800 JavaThread "C1 CompilerThread0" daemon [_thread_in_native, id=8704, stack(0x00000092f9e00000,0x00000092f9f00000)]
  0x00000281a30da000 JavaThread "Sweeper thread" daemon [_thread_blocked, id=5780, stack(0x00000092f9f00000,0x00000092fa000000)]
  0x00000281a3ba7800 JavaThread "Common-Cleaner" daemon [_thread_blocked, id=1192, stack(0x00000092fa000000,0x00000092fa100000)]
  0x00000281a5392000 JavaThread "Daemon health stats" [_thread_blocked, id=20600, stack(0x00000092fa300000,0x00000092fa400000)]
  0x00000281a446e000 JavaThread "Incoming local TCP Connector on port 55013" [_thread_in_native, id=10288, stack(0x00000092fa600000,0x00000092fa700000)]
  0x00000281a60f5000 JavaThread "Daemon periodic checks" [_thread_blocked, id=19060, stack(0x00000092fa700000,0x00000092fa800000)]
  0x00000281a4551800 JavaThread "Daemon" [_thread_blocked, id=10488, stack(0x00000092fa800000,0x00000092fa900000)]
  0x00000281a47d7800 JavaThread "Handler for socket connection from /127.0.0.1:55013 to /127.0.0.1:55014" [_thread_in_native, id=17016, stack(0x00000092fa900000,0x00000092faa00000)]
  0x00000281a603d800 JavaThread "Cancel handler" [_thread_blocked, id=16984, stack(0x00000092faa00000,0x00000092fab00000)]
  0x00000281a5c86800 JavaThread "Daemon worker" [_thread_in_Java, id=15552, stack(0x00000092fab00000,0x00000092fac00000)]
  0x00000281a4a6e000 JavaThread "Asynchronous log dispatcher for DefaultDaemonConnection: socket connection from /127.0.0.1:55013 to /127.0.0.1:55014" [_thread_blocked, id=12172, stack(0x00000092fac00000,0x00000092fad00000)]
  0x00000281a4a6f000 JavaThread "Stdin handler" [_thread_blocked, id=18124, stack(0x00000092fad00000,0x00000092fae00000)]
  0x00000281a5ff5000 JavaThread "Daemon client event forwarder" [_thread_blocked, id=1340, stack(0x00000092fae00000,0x00000092faf00000)]
  0x00000281a5031800 JavaThread "Cache worker for journal cache (C:\Users\User\.gradle\caches\journal-1)" [_thread_blocked, id=8740, stack(0x00000092faf00000,0x00000092fb000000)]
  0x00000281a5030800 JavaThread "File lock request listener" [_thread_in_native, id=13672, stack(0x00000092fb000000,0x00000092fb100000)]
  0x00000281a5033800 JavaThread "Cache worker for file hash cache (C:\Users\User\.gradle\caches\7.5\fileHashes)" [_thread_blocked, id=20648, stack(0x00000092fb600000,0x00000092fb700000)]
  0x00000281a5033000 JavaThread "File watcher server" daemon [_thread_in_native, id=12336, stack(0x00000092fb700000,0x00000092fb800000)]
  0x00000281a502f000 JavaThread "File watcher consumer" daemon [_thread_blocked, id=18860, stack(0x00000092fb800000,0x00000092fb900000)]
  0x00000281a5032000 JavaThread "Cache worker for checksums cache (C:\Users\User\Desktop\MyApplication\.gradle\7.5\checksums)" [_thread_blocked, id=11740, stack(0x00000092fb900000,0x00000092fba00000)]
  0x00000281a5034800 JavaThread "Cache worker for cache directory md-rule (C:\Users\User\.gradle\caches\7.5\md-rule)" [_thread_blocked, id=15176, stack(0x00000092fba00000,0x00000092fbb00000)]
  0x00000281a5035800 JavaThread "Cache worker for file content cache (C:\Users\User\.gradle\caches\7.5\fileContent)" [_thread_blocked, id=17500, stack(0x00000092fbb00000,0x00000092fbc00000)]
  0x00000281a502f800 JavaThread "Cache worker for file hash cache (C:\Users\User\Desktop\MyApplication\.gradle\7.5\fileHashes)" [_thread_blocked, id=16756, stack(0x00000092fbc00000,0x00000092fbd00000)]
  0x00000281a7a5a800 JavaThread "Cache worker for cache directory md-supplier (C:\Users\User\.gradle\caches\7.5\md-supplier)" [_thread_blocked, id=6780, stack(0x00000092fbd00000,0x00000092fbe00000)]
  0x00000281a7a59800 JavaThread "Cache worker for execution history cache (C:\Users\User\.gradle\caches\7.5\executionHistory)" [_thread_blocked, id=8264, stack(0x00000092fbe00000,0x00000092fbf00000)]
  0x00000281a7a54800 JavaThread "jar transforms" [_thread_blocked, id=296, stack(0x00000092fbf00000,0x00000092fc000000)]
  0x00000281a7a5b000 JavaThread "jar transforms Thread 2" [_thread_blocked, id=20720, stack(0x00000092fc000000,0x00000092fc100000)]
  0x00000281a7a5c000 JavaThread "jar transforms Thread 3" [_thread_blocked, id=8892, stack(0x00000092fc100000,0x00000092fc200000)]
  0x00000281a7a56800 JavaThread "jar transforms Thread 4" [_thread_blocked, id=14372, stack(0x00000092fc200000,0x00000092fc300000)]
  0x00000281a7a5d000 JavaThread "Cache worker for dependencies-accessors (C:\Users\User\Desktop\MyApplication\.gradle\7.5\dependencies-accessors)" [_thread_blocked, id=11868, stack(0x00000092fc300000,0x00000092fc400000)]
  0x00000281a7a58000 JavaThread "jar transforms Thread 5" [_thread_blocked, id=9368, stack(0x00000092fc400000,0x00000092fc500000)]
  0x00000281a7a57000 JavaThread "Cache worker for Build Output Cleanup Cache (C:\Users\User\Desktop\MyApplication\.gradle\buildOutputCleanup)" [_thread_blocked, id=21340, stack(0x00000092fc500000,0x00000092fc600000)]
  0x00000281a7a5d800 JavaThread "Unconstrained build operations" [_thread_blocked, id=10348, stack(0x00000092fc700000,0x00000092fc800000)]
  0x00000281a7a5e800 JavaThread "Unconstrained build operations Thread 2" [_thread_blocked, id=11188, stack(0x00000092fc800000,0x00000092fc900000)]
  0x00000281a7a58800 JavaThread "Unconstrained build operations Thread 3" [_thread_blocked, id=1676, stack(0x00000092fc900000,0x00000092fca00000)]
  0x00000281a7a61800 JavaThread "Unconstrained build operations Thread 4" [_thread_blocked, id=16280, stack(0x00000092fca00000,0x00000092fcb00000)]
  0x00000281a7a60000 JavaThread "Unconstrained build operations Thread 5" [_thread_blocked, id=20996, stack(0x00000092fcb00000,0x00000092fcc00000)]
  0x00000281a7a5f800 JavaThread "Unconstrained build operations Thread 6" [_thread_blocked, id=3728, stack(0x00000092fcc00000,0x00000092fcd00000)]
  0x00000281a7a63800 JavaThread "Unconstrained build operations Thread 7" [_thread_blocked, id=19692, stack(0x00000092fcd00000,0x00000092fce00000)]
  0x00000281a7a61000 JavaThread "Unconstrained build operations Thread 8" [_thread_blocked, id=18108, stack(0x00000092fce00000,0x00000092fcf00000)]
  0x00000281a7a62800 JavaThread "Unconstrained build operations Thread 9" [_thread_blocked, id=10956, stack(0x00000092fcf00000,0x00000092fd000000)]
  0x00000281a7d44800 JavaThread "Unconstrained build operations Thread 10" [_thread_blocked, id=19612, stack(0x00000092fd000000,0x00000092fd100000)]
  0x00000281a7d42000 JavaThread "Unconstrained build operations Thread 11" [_thread_blocked, id=12608, stack(0x00000092fd100000,0x00000092fd200000)]
  0x00000281a7d45000 JavaThread "Unconstrained build operations Thread 12" [_thread_blocked, id=16028, stack(0x00000092fd200000,0x00000092fd300000)]
  0x00000281a7d40000 JavaThread "Unconstrained build operations Thread 13" [_thread_blocked, id=19616, stack(0x00000092fd300000,0x00000092fd400000)]
  0x00000281a7d46000 JavaThread "Unconstrained build operations Thread 14" [_thread_blocked, id=9064, stack(0x00000092fd400000,0x00000092fd500000)]
  0x00000281a7d42800 JavaThread "Unconstrained build operations Thread 15" [_thread_blocked, id=12588, stack(0x00000092fd500000,0x00000092fd600000)]
  0x00000281a7d47000 JavaThread "Unconstrained build operations Thread 16" [_thread_blocked, id=8316, stack(0x00000092fd600000,0x00000092fd700000)]
  0x00000281a7d41000 JavaThread "Unconstrained build operations Thread 17" [_thread_blocked, id=16120, stack(0x00000092fd700000,0x00000092fd800000)]
  0x00000281a7d48800 JavaThread "Unconstrained build operations Thread 18" [_thread_blocked, id=13692, stack(0x00000092fd800000,0x00000092fd900000)]
  0x00000281a7d47800 JavaThread "Unconstrained build operations Thread 19" [_thread_blocked, id=10000, stack(0x00000092fd900000,0x00000092fda00000)]
  0x00000281a7d43800 JavaThread "Unconstrained build operations Thread 20" [_thread_blocked, id=20816, stack(0x00000092fda00000,0x00000092fdb00000)]
  0x00000281a7d4f000 JavaThread "Unconstrained build operations Thread 21" [_thread_blocked, id=14348, stack(0x00000092fdb00000,0x00000092fdc00000)]
  0x00000281a7d49000 JavaThread "Unconstrained build operations Thread 22" [_thread_blocked, id=6420, stack(0x00000092fdc00000,0x00000092fdd00000)]
  0x00000281a7d4c800 JavaThread "Unconstrained build operations Thread 23" [_thread_blocked, id=8992, stack(0x00000092fdd00000,0x00000092fde00000)]
  0x00000281a7d4a000 JavaThread "Unconstrained build operations Thread 24" [_thread_blocked, id=15980, stack(0x00000092fde00000,0x00000092fdf00000)]
  0x00000281a7d4d800 JavaThread "Unconstrained build operations Thread 25" [_thread_blocked, id=16828, stack(0x00000092fdf00000,0x00000092fe000000)]
  0x00000281a7d4e000 JavaThread "Unconstrained build operations Thread 26" [_thread_blocked, id=15336, stack(0x00000092fe000000,0x00000092fe100000)]
  0x00000281a7d4b000 JavaThread "Unconstrained build operations Thread 27" [_thread_blocked, id=19192, stack(0x00000092fe100000,0x00000092fe200000)]
  0x00000281a7d4b800 JavaThread "Unconstrained build operations Thread 28" [_thread_blocked, id=13868, stack(0x00000092fe200000,0x00000092fe300000)]
  0x00000281a61d8800 JavaThread "Unconstrained build operations Thread 29" [_thread_blocked, id=2868, stack(0x00000092fe300000,0x00000092fe400000)]
  0x00000281a61d9800 JavaThread "Unconstrained build operations Thread 30" [_thread_blocked, id=14308, stack(0x00000092fe400000,0x00000092fe500000)]
  0x00000281a61dc000 JavaThread "Unconstrained build operations Thread 31" [_thread_blocked, id=9136, stack(0x00000092fe500000,0x00000092fe600000)]
  0x00000281a61da800 JavaThread "Unconstrained build operations Thread 32" [_thread_blocked, id=12612, stack(0x00000092fe600000,0x00000092fe700000)]
  0x00000281a61db000 JavaThread "Unconstrained build operations Thread 33" [_thread_blocked, id=10724, stack(0x00000092fe700000,0x00000092fe800000)]
  0x00000281a61d6800 JavaThread "Unconstrained build operations Thread 34" [_thread_blocked, id=10948, stack(0x00000092fe800000,0x00000092fe900000)]
  0x00000281a61d8000 JavaThread "Unconstrained build operations Thread 35" [_thread_blocked, id=1316, stack(0x00000092fe900000,0x00000092fea00000)]
  0x00000281a61dd000 JavaThread "Unconstrained build operations Thread 36" [_thread_blocked, id=15308, stack(0x00000092fea00000,0x00000092feb00000)]
  0x00000281a61d7000 JavaThread "Unconstrained build operations Thread 37" [_thread_blocked, id=1304, stack(0x00000092feb00000,0x00000092fec00000)]
  0x00000281a61e0000 JavaThread "Unconstrained build operations Thread 38" [_thread_blocked, id=6368, stack(0x00000092fec00000,0x00000092fed00000)]
  0x00000281a61e1800 JavaThread "Unconstrained build operations Thread 39" [_thread_blocked, id=18332, stack(0x00000092fed00000,0x00000092fee00000)]
  0x00000281a61e1000 JavaThread "Unconstrained build operations Thread 40" [_thread_blocked, id=5496, stack(0x00000092fee00000,0x00000092fef00000)]
  0x00000281a61e3800 JavaThread "Unconstrained build operations Thread 41" [_thread_blocked, id=6080, stack(0x00000092fef00000,0x00000092ff000000)]
  0x00000281a61dd800 JavaThread "Unconstrained build operations Thread 42" [_thread_blocked, id=12252, stack(0x00000092ff000000,0x00000092ff100000)]
  0x00000281a61e2800 JavaThread "Unconstrained build operations Thread 43" [_thread_blocked, id=5672, stack(0x00000092ff100000,0x00000092ff200000)]
  0x00000281a61de800 JavaThread "Unconstrained build operations Thread 44" [_thread_blocked, id=17912, stack(0x00000092ff200000,0x00000092ff300000)]
  0x00000281a61df800 JavaThread "Unconstrained build operations Thread 45" [_thread_blocked, id=11284, stack(0x00000092ff300000,0x00000092ff400000)]
  0x00000281a61e5000 JavaThread "Unconstrained build operations Thread 46" [_thread_blocked, id=11496, stack(0x00000092ff400000,0x00000092ff500000)]
  0x00000281a61e4000 JavaThread "Unconstrained build operations Thread 47" [_thread_blocked, id=8880, stack(0x00000092ff500000,0x00000092ff600000)]
  0x00000281a7d6d000 JavaThread "Unconstrained build operations Thread 48" [_thread_blocked, id=12464, stack(0x00000092ff600000,0x00000092ff700000)]
  0x00000281a7d69800 JavaThread "Unconstrained build operations Thread 49" [_thread_blocked, id=16812, stack(0x00000092ff700000,0x00000092ff800000)]
  0x00000281a7d6a800 JavaThread "Unconstrained build operations Thread 50" [_thread_blocked, id=2136, stack(0x00000092ff800000,0x00000092ff900000)]
  0x00000281a7d6c000 JavaThread "Unconstrained build operations Thread 51" [_thread_blocked, id=13984, stack(0x00000092ff900000,0x00000092ffa00000)]
  0x00000281a7d6d800 JavaThread "Unconstrained build operations Thread 52" [_thread_blocked, id=19268, stack(0x00000092ffa00000,0x00000092ffb00000)]
  0x00000281a7d6e800 JavaThread "Unconstrained build operations Thread 53" [_thread_blocked, id=10304, stack(0x00000092ffb00000,0x00000092ffc00000)]
  0x00000281a7d68800 JavaThread "Unconstrained build operations Thread 54" [_thread_blocked, id=16396, stack(0x00000092ffc00000,0x00000092ffd00000)]
  0x00000281a7d6f000 JavaThread "Unconstrained build operations Thread 55" [_thread_blocked, id=15744, stack(0x00000092ffd00000,0x00000092ffe00000)]
  0x00000281a7d70000 JavaThread "Unconstrained build operations Thread 56" [_thread_blocked, id=9832, stack(0x00000092ffe00000,0x00000092fff00000)]
  0x00000281a7d71000 JavaThread "Unconstrained build operations Thread 57" [_thread_blocked, id=4004, stack(0x00000092fff00000,0x0000009300000000)]
  0x00000281a7d6b000 JavaThread "Unconstrained build operations Thread 58" [_thread_blocked, id=12000, stack(0x0000009280000000,0x0000009280100000)]
  0x00000281a7d72800 JavaThread "Unconstrained build operations Thread 59" [_thread_blocked, id=19912, stack(0x0000009280100000,0x0000009280200000)]
  0x00000281a7d74000 JavaThread "Unconstrained build operations Thread 60" [_thread_blocked, id=4244, stack(0x0000009280200000,0x0000009280300000)]
  0x00000281a7d73800 JavaThread "Unconstrained build operations Thread 61" [_thread_blocked, id=19340, stack(0x0000009280300000,0x0000009280400000)]
  0x00000281a7d75000 JavaThread "Unconstrained build operations Thread 62" [_thread_blocked, id=14760, stack(0x0000009280400000,0x0000009280500000)]
  0x00000281a7d75800 JavaThread "Unconstrained build operations Thread 63" [_thread_blocked, id=19420, stack(0x0000009280500000,0x0000009280600000)]
  0x00000281a7d71800 JavaThread "Unconstrained build operations Thread 64" [_thread_blocked, id=17308, stack(0x0000009280600000,0x0000009280700000)]
  0x00000281a7d76800 JavaThread "Unconstrained build operations Thread 65" [_thread_blocked, id=21324, stack(0x0000009280700000,0x0000009280800000)]
  0x00000281a7d77800 JavaThread "Unconstrained build operations Thread 66" [_thread_blocked, id=1292, stack(0x0000009280800000,0x0000009280900000)]
  0x00000281a61b8800 JavaThread "Unconstrained build operations Thread 67" [_thread_blocked, id=10840, stack(0x0000009280900000,0x0000009280a00000)]
  0x00000281a61b9800 JavaThread "Unconstrained build operations Thread 68" [_thread_blocked, id=19840, stack(0x0000009280a00000,0x0000009280b00000)]
  0x00000281a61bb000 JavaThread "Unconstrained build operations Thread 69" [_thread_blocked, id=2000, stack(0x0000009280b00000,0x0000009280c00000)]
  0x00000281a61ba000 JavaThread "Unconstrained build operations Thread 70" [_thread_blocked, id=20520, stack(0x0000009280c00000,0x0000009280d00000)]
  0x00000281a61bc000 JavaThread "Unconstrained build operations Thread 71" [_thread_blocked, id=15040, stack(0x0000009280d00000,0x0000009280e00000)]
  0x00000281a61b6000 JavaThread "Unconstrained build operations Thread 72" [_thread_blocked, id=19732, stack(0x0000009280e00000,0x0000009280f00000)]
  0x00000281a61bc800 JavaThread "Unconstrained build operations Thread 73" [_thread_blocked, id=18276, stack(0x0000009280f00000,0x0000009281000000)]
  0x00000281a61b8000 JavaThread "Unconstrained build operations Thread 74" [_thread_blocked, id=19032, stack(0x0000009281000000,0x0000009281100000)]
  0x00000281a61b7000 JavaThread "Unconstrained build operations Thread 75" [_thread_blocked, id=10100, stack(0x0000009281100000,0x0000009281200000)]
  0x00000281a61be800 JavaThread "Unconstrained build operations Thread 76" [_thread_blocked, id=17508, stack(0x0000009281200000,0x0000009281300000)]
  0x00000281a61bf000 JavaThread "Unconstrained build operations Thread 77" [_thread_blocked, id=15892, stack(0x0000009281300000,0x0000009281400000)]
  0x00000281a61c0000 JavaThread "Unconstrained build operations Thread 78" [_thread_blocked, id=20744, stack(0x0000009281400000,0x0000009281500000)]
  0x00000281a61bd800 JavaThread "Unconstrained build operations Thread 79" [_thread_blocked, id=6436, stack(0x0000009281500000,0x0000009281600000)]
  0x00000281a61c1800 JavaThread "Unconstrained build operations Thread 80" [_thread_blocked, id=17060, stack(0x0000009281600000,0x0000009281700000)]
  0x00000281a61c1000 JavaThread "jar transforms Thread 6" [_thread_blocked, id=7708, stack(0x0000009281700000,0x0000009281800000)]
  0x00000281a61c4000 JavaThread "jar transforms Thread 7" [_thread_blocked, id=16692, stack(0x0000009281800000,0x0000009281900000)]
  0x00000281a61c2800 JavaThread "jar transforms Thread 8" [_thread_blocked, id=2092, stack(0x0000009281900000,0x0000009281a00000)]
  0x00000281a61c3000 JavaThread "build event listener" [_thread_blocked, id=17444, stack(0x0000009281a00000,0x0000009281b00000)]
  0x00000281a61c5000 JavaThread "Memory manager" [_thread_blocked, id=6896, stack(0x0000009281b00000,0x0000009281c00000)]

Other Threads:
  0x00000281a30a7800 VMThread "VM Thread" [stack: 0x00000092f9700000,0x00000092f9800000] [id=3936]
  0x00000281a3bca800 WatcherThread [stack: 0x00000092fa100000,0x00000092fa200000] [id=2700]
  0x0000028188c3a800 GCTaskThread "GC Thread#0" [stack: 0x00000092f9200000,0x00000092f9300000] [id=11312]
  0x00000281a489a000 GCTaskThread "GC Thread#1" [stack: 0x00000092fa200000,0x00000092fa300000] [id=14872]
  0x00000281a4ac9000 GCTaskThread "GC Thread#2" [stack: 0x00000092fa400000,0x00000092fa500000] [id=20848]
  0x00000281a603f800 GCTaskThread "GC Thread#3" [stack: 0x00000092fa500000,0x00000092fa600000] [id=14040]
  0x00000281a52de000 GCTaskThread "GC Thread#4" [stack: 0x00000092fb100000,0x00000092fb200000] [id=5084]
  0x00000281a41de800 GCTaskThread "GC Thread#5" [stack: 0x00000092fb200000,0x00000092fb300000] [id=13480]
  0x00000281a41df800 GCTaskThread "GC Thread#6" [stack: 0x00000092fb300000,0x00000092fb400000] [id=15704]
  0x00000281a40b5000 GCTaskThread "GC Thread#7" [stack: 0x00000092fb400000,0x00000092fb500000] [id=10508]
  0x0000028188c6d800 ConcurrentGCThread "G1 Main Marker" [stack: 0x00000092f9300000,0x00000092f9400000] [id=20288]
  0x0000028188c6f800 ConcurrentGCThread "G1 Conc#0" [stack: 0x00000092f9400000,0x00000092f9500000] [id=10256]
  0x00000281a48e1800 ConcurrentGCThread "G1 Conc#1" [stack: 0x00000092fb500000,0x00000092fb600000] [id=12420]
  0x00000281a2f00800 ConcurrentGCThread "G1 Refine#0" [stack: 0x00000092f9500000,0x00000092f9600000] [id=14092]
  0x00000281a2f01800 ConcurrentGCThread "G1 Young RemSet Sampling" [stack: 0x00000092f9600000,0x00000092f9700000] [id=14476]

Threads with active compile tasks:
C2 CompilerThread0    34658 9101       4       groovy.lang.MetaClassImpl$1MOPIter::methodNameAction (325 bytes)

VM state:not at safepoint (normal execution)

VM Mutex/Monitor currently owned by a thread: None

Heap address: 0x0000000080000000, size: 2048 MB, Compressed Oops mode: 32-bit
Narrow klass base: 0x0000000000000000, Narrow klass shift: 3
Compressed class space size: 1073741824 Address: 0x0000000100000000

Heap:
 garbage-first heap   total 143360K, used 93143K [0x0000000080000000, 0x0000000100000000)
  region size 1024K, 14 young (14336K), 3 survivors (3072K)
 Metaspace       used 90219K, capacity 92279K, committed 92368K, reserved 1128448K
  class space    used 11731K, capacity 12540K, committed 12620K, reserved 1048576K
Heap Regions: E=young(eden), S=young(survivor), O=old, HS=humongous(starts), HC=humongous(continues), CS=collection set, F=free, A=archive, TAMS=top-at-mark-start (previous, next)
|   0|0x0000000080000000, 0x0000000080100000, 0x0000000080100000|100%| O|  |TAMS 0x0000000080100000, 0x0000000080000000| Untracked 
|   1|0x0000000080100000, 0x0000000080200000, 0x0000000080200000|100%| O|  |TAMS 0x0000000080200000, 0x0000000080100000| Untracked 
|   2|0x0000000080200000, 0x0000000080300000, 0x0000000080300000|100%| O|  |TAMS 0x0000000080300000, 0x0000000080200000| Untracked 
|   3|0x0000000080300000, 0x0000000080400000, 0x0000000080400000|100%|HS|  |TAMS 0x0000000080400000, 0x0000000080300000| Complete 
|   4|0x0000000080400000, 0x0000000080500000, 0x0000000080500000|100%|HC|  |TAMS 0x0000000080500000, 0x0000000080400000| Complete 
|   5|0x0000000080500000, 0x0000000080600000, 0x0000000080600000|100%|HC|  |TAMS 0x0000000080600000, 0x0000000080500000| Complete 
|   6|0x0000000080600000, 0x0000000080700000, 0x0000000080700000|100%| O|  |TAMS 0x0000000080700000, 0x0000000080600000| Untracked 
|   7|0x0000000080700000, 0x0000000080800000, 0x0000000080800000|100%| O|  |TAMS 0x0000000080800000, 0x0000000080700000| Untracked 
|   8|0x0000000080800000, 0x0000000080900000, 0x0000000080900000|100%| O|  |TAMS 0x0000000080900000, 0x0000000080800000| Untracked 
|   9|0x0000000080900000, 0x0000000080a00000, 0x0000000080a00000|100%| O|  |TAMS 0x0000000080a00000, 0x0000000080900000| Untracked 
|  10|0x0000000080a00000, 0x0000000080b00000, 0x0000000080b00000|100%| O|  |TAMS 0x0000000080b00000, 0x0000000080a00000| Untracked 
|  11|0x0000000080b00000, 0x0000000080c00000, 0x0000000080c00000|100%| O|  |TAMS 0x0000000080c00000, 0x0000000080b00000| Untracked 
|  12|0x0000000080c00000, 0x0000000080d00000, 0x0000000080d00000|100%| O|  |TAMS 0x0000000080d00000, 0x0000000080c00000| Untracked 
|  13|0x0000000080d00000, 0x0000000080e00000, 0x0000000080e00000|100%| O|  |TAMS 0x0000000080e00000, 0x0000000080d00000| Untracked 
|  14|0x0000000080e00000, 0x0000000080f00000, 0x0000000080f00000|100%| O|  |TAMS 0x0000000080f00000, 0x0000000080e00000| Untracked 
|  15|0x0000000080f00000, 0x0000000081000000, 0x0000000081000000|100%| O|  |TAMS 0x0000000081000000, 0x0000000080f00000| Untracked 
|  16|0x0000000081000000, 0x0000000081100000, 0x0000000081100000|100%| O|  |TAMS 0x0000000081100000, 0x0000000081000000| Untracked 
|  17|0x0000000081100000, 0x0000000081200000, 0x0000000081200000|100%| O|  |TAMS 0x0000000081200000, 0x0000000081100000| Untracked 
|  18|0x0000000081200000, 0x0000000081300000, 0x0000000081300000|100%| O|  |TAMS 0x0000000081300000, 0x0000000081200000| Untracked 
|  19|0x0000000081300000, 0x0000000081400000, 0x0000000081400000|100%| O|  |TAMS 0x0000000081400000, 0x0000000081300000| Untracked 
|  20|0x0000000081400000, 0x0000000081500000, 0x0000000081500000|100%| O|  |TAMS 0x0000000081500000, 0x0000000081400000| Untracked 
|  21|0x0000000081500000, 0x0000000081600000, 0x0000000081600000|100%| O|  |TAMS 0x0000000081600000, 0x0000000081500000| Untracked 
|  22|0x0000000081600000, 0x0000000081700000, 0x0000000081700000|100%| O|  |TAMS 0x0000000081700000, 0x0000000081600000| Untracked 
|  23|0x0000000081700000, 0x0000000081800000, 0x0000000081800000|100%| O|  |TAMS 0x0000000081800000, 0x0000000081700000| Untracked 
|  24|0x0000000081800000, 0x0000000081900000, 0x0000000081900000|100%| O|  |TAMS 0x0000000081900000, 0x0000000081800000| Untracked 
|  25|0x0000000081900000, 0x0000000081a00000, 0x0000000081a00000|100%| O|  |TAMS 0x0000000081a00000, 0x0000000081900000| Untracked 
|  26|0x0000000081a00000, 0x0000000081b00000, 0x0000000081b00000|100%| O|  |TAMS 0x0000000081b00000, 0x0000000081a00000| Untracked 
|  27|0x0000000081b00000, 0x0000000081c00000, 0x0000000081c00000|100%| O|  |TAMS 0x0000000081c00000, 0x0000000081b00000| Untracked 
|  28|0x0000000081c00000, 0x0000000081d00000, 0x0000000081d00000|100%| O|  |TAMS 0x0000000081d00000, 0x0000000081c00000| Untracked 
|  29|0x0000000081d00000, 0x0000000081e00000, 0x0000000081e00000|100%|HS|  |TAMS 0x0000000081e00000, 0x0000000081d00000| Complete 
|  30|0x0000000081e00000, 0x0000000081f00000, 0x0000000081f00000|100%|HS|  |TAMS 0x0000000081f00000, 0x0000000081e00000| Complete 
|  31|0x0000000081f00000, 0x0000000082000000, 0x0000000082000000|100%|HC|  |TAMS 0x0000000082000000, 0x0000000081f00000| Complete 
|  32|0x0000000082000000, 0x0000000082100000, 0x0000000082100000|100%|HS|  |TAMS 0x0000000082100000, 0x0000000082000000| Complete 
|  33|0x0000000082100000, 0x0000000082200000, 0x0000000082200000|100%| O|  |TAMS 0x0000000082200000, 0x0000000082100000| Untracked 
|  34|0x0000000082200000, 0x0000000082300000, 0x0000000082300000|100%| O|  |TAMS 0x0000000082300000, 0x0000000082200000| Untracked 
|  35|0x0000000082300000, 0x0000000082400000, 0x0000000082400000|100%| O|  |TAMS 0x0000000082400000, 0x0000000082300000| Untracked 
|  36|0x0000000082400000, 0x0000000082500000, 0x0000000082500000|100%| O|  |TAMS 0x0000000082500000, 0x0000000082400000| Untracked 
|  37|0x0000000082500000, 0x0000000082600000, 0x0000000082600000|100%| O|  |TAMS 0x0000000082600000, 0x0000000082500000| Untracked 
|  38|0x0000000082600000, 0x0000000082700000, 0x0000000082700000|100%|HS|  |TAMS 0x0000000082700000, 0x0000000082600000| Complete 
|  39|0x0000000082700000, 0x0000000082800000, 0x0000000082800000|100%|HC|  |TAMS 0x0000000082800000, 0x0000000082700000| Complete 
|  40|0x0000000082800000, 0x0000000082900000, 0x0000000082900000|100%|HC|  |TAMS 0x0000000082900000, 0x0000000082800000| Complete 
|  41|0x0000000082900000, 0x0000000082a00000, 0x0000000082a00000|100%|HC|  |TAMS 0x0000000082a00000, 0x0000000082900000| Complete 
|  42|0x0000000082a00000, 0x0000000082b00000, 0x0000000082b00000|100%| O|  |TAMS 0x0000000082b00000, 0x0000000082a00000| Untracked 
|  43|0x0000000082b00000, 0x0000000082c00000, 0x0000000082c00000|100%| O|  |TAMS 0x0000000082c00000, 0x0000000082b00000| Untracked 
|  44|0x0000000082c00000, 0x0000000082d00000, 0x0000000082d00000|100%| O|  |TAMS 0x0000000082d00000, 0x0000000082c00000| Untracked 
|  45|0x0000000082d00000, 0x0000000082e00000, 0x0000000082e00000|100%| O|  |TAMS 0x0000000082e00000, 0x0000000082d00000| Untracked 
|  46|0x0000000082e00000, 0x0000000082f00000, 0x0000000082f00000|100%| O|  |TAMS 0x0000000082f00000, 0x0000000082e00000| Untracked 
|  47|0x0000000082f00000, 0x0000000083000000, 0x0000000083000000|100%| O|  |TAMS 0x0000000083000000, 0x0000000082f00000| Untracked 
|  48|0x0000000083000000, 0x0000000083100000, 0x0000000083100000|100%| O|  |TAMS 0x0000000083100000, 0x0000000083000000| Untracked 
|  49|0x0000000083100000, 0x0000000083200000, 0x0000000083200000|100%| O|  |TAMS 0x0000000083200000, 0x0000000083100000| Untracked 
|  50|0x0000000083200000, 0x0000000083300000, 0x0000000083300000|100%| O|  |TAMS 0x0000000083300000, 0x0000000083200000| Untracked 
|  51|0x0000000083300000, 0x0000000083400000, 0x0000000083400000|100%| O|  |TAMS 0x0000000083400000, 0x0000000083300000| Untracked 
|  52|0x0000000083400000, 0x0000000083500000, 0x0000000083500000|100%| O|  |TAMS 0x0000000083500000, 0x0000000083400000| Untracked 
|  53|0x0000000083500000, 0x0000000083600000, 0x0000000083600000|100%| O|  |TAMS 0x0000000083600000, 0x0000000083500000| Untracked 
|  54|0x0000000083600000, 0x0000000083700000, 0x0000000083700000|100%| O|  |TAMS 0x0000000083700000, 0x0000000083600000| Untracked 
|  55|0x0000000083700000, 0x0000000083800000, 0x0000000083800000|100%| O|  |TAMS 0x0000000083800000, 0x0000000083700000| Untracked 
|  56|0x0000000083800000, 0x0000000083900000, 0x0000000083900000|100%| O|  |TAMS 0x0000000083900000, 0x0000000083800000| Untracked 
|  57|0x0000000083900000, 0x0000000083a00000, 0x0000000083a00000|100%| O|  |TAMS 0x0000000083a00000, 0x0000000083900000| Untracked 
|  58|0x0000000083a00000, 0x0000000083b00000, 0x0000000083b00000|100%| O|  |TAMS 0x0000000083b00000, 0x0000000083a00000| Untracked 
|  59|0x0000000083b00000, 0x0000000083c00000, 0x0000000083c00000|100%| O|  |TAMS 0x0000000083c00000, 0x0000000083b00000| Untracked 
|  60|0x0000000083c00000, 0x0000000083d00000, 0x0000000083d00000|100%| O|  |TAMS 0x0000000083d00000, 0x0000000083c00000| Untracked 
|  61|0x0000000083d00000, 0x0000000083e00000, 0x0000000083e00000|100%| O|  |TAMS 0x0000000083e00000, 0x0000000083d00000| Untracked 
|  62|0x0000000083e00000, 0x0000000083f00000, 0x0000000083f00000|100%| O|  |TAMS 0x0000000083f00000, 0x0000000083e00000| Untracked 
|  63|0x0000000083f00000, 0x0000000084000000, 0x0000000084000000|100%| O|  |TAMS 0x0000000084000000, 0x0000000083f00000| Untracked 
|  64|0x0000000084000000, 0x0000000084100000, 0x0000000084100000|100%| O|  |TAMS 0x0000000084100000, 0x0000000084000000| Untracked 
|  65|0x0000000084100000, 0x0000000084200000, 0x0000000084200000|100%| O|  |TAMS 0x0000000084200000, 0x0000000084100000| Untracked 
|  66|0x0000000084200000, 0x0000000084300000, 0x0000000084300000|100%| O|  |TAMS 0x0000000084300000, 0x0000000084200000| Untracked 
|  67|0x0000000084300000, 0x0000000084400000, 0x0000000084400000|100%| O|  |TAMS 0x0000000084400000, 0x0000000084300000| Untracked 
|  68|0x0000000084400000, 0x0000000084500000, 0x0000000084500000|100%| O|  |TAMS 0x0000000084500000, 0x0000000084400000| Untracked 
|  69|0x0000000084500000, 0x0000000084600000, 0x0000000084600000|100%| O|  |TAMS 0x0000000084600000, 0x0000000084500000| Untracked 
|  70|0x0000000084600000, 0x0000000084700000, 0x0000000084700000|100%| O|  |TAMS 0x0000000084700000, 0x0000000084600000| Untracked 
|  71|0x0000000084700000, 0x0000000084800000, 0x0000000084800000|100%| O|  |TAMS 0x0000000084800000, 0x0000000084700000| Untracked 
|  72|0x0000000084800000, 0x0000000084900000, 0x0000000084900000|100%| O|  |TAMS 0x0000000084900000, 0x0000000084800000| Untracked 
|  73|0x0000000084900000, 0x0000000084a00000, 0x0000000084a00000|100%| O|  |TAMS 0x0000000084a00000, 0x0000000084900000| Untracked 
|  74|0x0000000084a00000, 0x0000000084b00000, 0x0000000084b00000|100%| O|  |TAMS 0x0000000084b00000, 0x0000000084a00000| Untracked 
|  75|0x0000000084b00000, 0x0000000084c00000, 0x0000000084c00000|100%| O|  |TAMS 0x0000000084bf9e00, 0x0000000084b00000| Untracked 
|  76|0x0000000084c00000, 0x0000000084d00000, 0x0000000084d00000|100%| O|  |TAMS 0x0000000084c00000, 0x0000000084c00000| Untracked 
|  77|0x0000000084d00000, 0x0000000084e00000, 0x0000000084e00000|100%| O|  |TAMS 0x0000000084d00000, 0x0000000084d00000| Untracked 
|  78|0x0000000084e00000, 0x0000000084e23c00, 0x0000000084f00000| 13%| O|  |TAMS 0x0000000084e00000, 0x0000000084e00000| Untracked 
|  79|0x0000000084f00000, 0x0000000084f00000, 0x0000000085000000|  0%| F|  |TAMS 0x0000000084f00000, 0x0000000084f00000| Untracked 
|  80|0x0000000085000000, 0x0000000085000000, 0x0000000085100000|  0%| F|  |TAMS 0x0000000085000000, 0x0000000085000000| Untracked 
|  81|0x0000000085100000, 0x0000000085100000, 0x0000000085200000|  0%| F|  |TAMS 0x0000000085100000, 0x0000000085100000| Untracked 
|  82|0x0000000085200000, 0x0000000085200000, 0x0000000085300000|  0%| F|  |TAMS 0x0000000085200000, 0x0000000085200000| Untracked 
|  83|0x0000000085300000, 0x0000000085300000, 0x0000000085400000|  0%| F|  |TAMS 0x0000000085300000, 0x0000000085300000| Untracked 
|  84|0x0000000085400000, 0x0000000085400000, 0x0000000085500000|  0%| F|  |TAMS 0x0000000085400000, 0x0000000085400000| Untracked 
|  85|0x0000000085500000, 0x0000000085500000, 0x0000000085600000|  0%| F|  |TAMS 0x0000000085500000, 0x0000000085500000| Untracked 
|  86|0x0000000085600000, 0x0000000085600000, 0x0000000085700000|  0%| F|  |TAMS 0x0000000085600000, 0x0000000085600000| Untracked 
|  87|0x0000000085700000, 0x0000000085700000, 0x0000000085800000|  0%| F|  |TAMS 0x0000000085700000, 0x0000000085700000| Untracked 
|  88|0x0000000085800000, 0x0000000085800000, 0x0000000085900000|  0%| F|  |TAMS 0x0000000085800000, 0x0000000085800000| Untracked 
|  89|0x0000000085900000, 0x0000000085900000, 0x0000000085a00000|  0%| F|  |TAMS 0x0000000085900000, 0x0000000085900000| Untracked 
|  90|0x0000000085a00000, 0x0000000085a00000, 0x0000000085b00000|  0%| F|  |TAMS 0x0000000085a00000, 0x0000000085a00000| Untracked 
|  91|0x0000000085b00000, 0x0000000085bd21c0, 0x0000000085c00000| 82%| S|CS|TAMS 0x0000000085b00000, 0x0000000085b00000| Complete 
|  92|0x0000000085c00000, 0x0000000085c00000, 0x0000000085d00000|  0%| F|  |TAMS 0x0000000085c00000, 0x0000000085c00000| Untracked 
|  93|0x0000000085d00000, 0x0000000085d00000, 0x0000000085e00000|  0%| F|  |TAMS 0x0000000085d00000, 0x0000000085d00000| Untracked 
|  94|0x0000000085e00000, 0x0000000085f00000, 0x0000000085f00000|100%| S|CS|TAMS 0x0000000085e00000, 0x0000000085e00000| Complete 
|  95|0x0000000085f00000, 0x0000000086000000, 0x0000000086000000|100%| S|CS|TAMS 0x0000000085f00000, 0x0000000085f00000| Complete 
|  96|0x0000000086000000, 0x0000000086000000, 0x0000000086100000|  0%| F|  |TAMS 0x0000000086000000, 0x0000000086000000| Untracked 
|  97|0x0000000086100000, 0x0000000086100000, 0x0000000086200000|  0%| F|  |TAMS 0x0000000086100000, 0x0000000086100000| Untracked 
|  98|0x0000000086200000, 0x0000000086200000, 0x0000000086300000|  0%| F|  |TAMS 0x0000000086200000, 0x0000000086200000| Untracked 
|  99|0x0000000086300000, 0x0000000086300000, 0x0000000086400000|  0%| F|  |TAMS 0x0000000086300000, 0x0000000086300000| Untracked 
| 100|0x0000000086400000, 0x0000000086400000, 0x0000000086500000|  0%| F|  |TAMS 0x0000000086400000, 0x0000000086400000| Untracked 
| 101|0x0000000086500000, 0x0000000086500000, 0x0000000086600000|  0%| F|  |TAMS 0x0000000086500000, 0x0000000086500000| Untracked 
| 102|0x0000000086600000, 0x0000000086600000, 0x0000000086700000|  0%| F|  |TAMS 0x0000000086600000, 0x0000000086600000| Untracked 
| 103|0x0000000086700000, 0x0000000086700000, 0x0000000086800000|  0%| F|  |TAMS 0x0000000086700000, 0x0000000086700000| Untracked 
| 104|0x0000000086800000, 0x0000000086800000, 0x0000000086900000|  0%| F|  |TAMS 0x0000000086800000, 0x0000000086800000| Untracked 
| 105|0x0000000086900000, 0x0000000086900000, 0x0000000086a00000|  0%| F|  |TAMS 0x0000000086900000, 0x0000000086900000| Untracked 
| 106|0x0000000086a00000, 0x0000000086a00000, 0x0000000086b00000|  0%| F|  |TAMS 0x0000000086a00000, 0x0000000086a00000| Untracked 
| 107|0x0000000086b00000, 0x0000000086b00000, 0x0000000086c00000|  0%| F|  |TAMS 0x0000000086b00000, 0x0000000086b00000| Untracked 
| 108|0x0000000086c00000, 0x0000000086c00000, 0x0000000086d00000|  0%| F|  |TAMS 0x0000000086c00000, 0x0000000086c00000| Untracked 
| 109|0x0000000086d00000, 0x0000000086d00000, 0x0000000086e00000|  0%| F|  |TAMS 0x0000000086d00000, 0x0000000086d00000| Untracked 
| 110|0x0000000086e00000, 0x0000000086e00000, 0x0000000086f00000|  0%| F|  |TAMS 0x0000000086e00000, 0x0000000086e00000| Untracked 
| 111|0x0000000086f00000, 0x0000000086f00000, 0x0000000087000000|  0%| F|  |TAMS 0x0000000086f00000, 0x0000000086f00000| Untracked 
| 112|0x0000000087000000, 0x0000000087000000, 0x0000000087100000|  0%| F|  |TAMS 0x0000000087000000, 0x0000000087000000| Untracked 
| 113|0x0000000087100000, 0x0000000087100000, 0x0000000087200000|  0%| F|  |TAMS 0x0000000087100000, 0x0000000087100000| Untracked 
| 114|0x0000000087200000, 0x0000000087200000, 0x0000000087300000|  0%| F|  |TAMS 0x0000000087200000, 0x0000000087200000| Untracked 
| 115|0x0000000087300000, 0x0000000087300000, 0x0000000087400000|  0%| F|  |TAMS 0x0000000087300000, 0x0000000087300000| Untracked 
| 116|0x0000000087400000, 0x0000000087400000, 0x0000000087500000|  0%| F|  |TAMS 0x0000000087400000, 0x0000000087400000| Untracked 
| 117|0x0000000087500000, 0x0000000087500000, 0x0000000087600000|  0%| F|  |TAMS 0x0000000087500000, 0x0000000087500000| Untracked 
| 118|0x0000000087600000, 0x0000000087600000, 0x0000000087700000|  0%| F|  |TAMS 0x0000000087600000, 0x0000000087600000| Untracked 
| 119|0x0000000087700000, 0x0000000087700000, 0x0000000087800000|  0%| F|  |TAMS 0x0000000087700000, 0x0000000087700000| Untracked 
| 120|0x0000000087800000, 0x0000000087800000, 0x0000000087900000|  0%| F|  |TAMS 0x0000000087800000, 0x0000000087800000| Untracked 
| 121|0x0000000087900000, 0x0000000087900000, 0x0000000087a00000|  0%| F|  |TAMS 0x0000000087900000, 0x0000000087900000| Untracked 
| 122|0x0000000087a00000, 0x0000000087a00000, 0x0000000087b00000|  0%| F|  |TAMS 0x0000000087a00000, 0x0000000087a00000| Untracked 
| 123|0x0000000087b00000, 0x0000000087b00000, 0x0000000087c00000|  0%| F|  |TAMS 0x0000000087b00000, 0x0000000087b00000| Untracked 
| 124|0x0000000087c00000, 0x0000000087c00000, 0x0000000087d00000|  0%| F|  |TAMS 0x0000000087c00000, 0x0000000087c00000| Untracked 
| 125|0x0000000087d00000, 0x0000000087d00000, 0x0000000087e00000|  0%| F|  |TAMS 0x0000000087d00000, 0x0000000087d00000| Untracked 
| 126|0x0000000087e00000, 0x0000000087e00000, 0x0000000087f00000|  0%| F|  |TAMS 0x0000000087e00000, 0x0000000087e00000| Untracked 
| 127|0x0000000087f00000, 0x0000000087f00000, 0x0000000088000000|  0%| F|  |TAMS 0x0000000087f00000, 0x0000000087f00000| Untracked 
| 128|0x0000000088000000, 0x0000000088100000, 0x0000000088100000|100%| E|  |TAMS 0x0000000088000000, 0x0000000088000000| Complete 
| 129|0x0000000088100000, 0x0000000088200000, 0x0000000088200000|100%| E|CS|TAMS 0x0000000088100000, 0x0000000088100000| Complete 
| 130|0x0000000088200000, 0x0000000088300000, 0x0000000088300000|100%| E|CS|TAMS 0x0000000088200000, 0x0000000088200000| Complete 
| 131|0x0000000088300000, 0x0000000088400000, 0x0000000088400000|100%| E|CS|TAMS 0x0000000088300000, 0x0000000088300000| Complete 
| 132|0x0000000088400000, 0x0000000088500000, 0x0000000088500000|100%| E|CS|TAMS 0x0000000088400000, 0x0000000088400000| Complete 
| 133|0x0000000088500000, 0x0000000088600000, 0x0000000088600000|100%| E|CS|TAMS 0x0000000088500000, 0x0000000088500000| Complete 
| 134|0x0000000088600000, 0x0000000088700000, 0x0000000088700000|100%| E|CS|TAMS 0x0000000088600000, 0x0000000088600000| Complete 
| 135|0x0000000088700000, 0x0000000088800000, 0x0000000088800000|100%| E|CS|TAMS 0x0000000088700000, 0x0000000088700000| Complete 
| 136|0x0000000088800000, 0x0000000088900000, 0x0000000088900000|100%| E|CS|TAMS 0x0000000088800000, 0x0000000088800000| Complete 
| 137|0x0000000088900000, 0x0000000088a00000, 0x0000000088a00000|100%| E|CS|TAMS 0x0000000088900000, 0x0000000088900000| Complete 
| 138|0x0000000088a00000, 0x0000000088b00000, 0x0000000088b00000|100%| E|CS|TAMS 0x0000000088a00000, 0x0000000088a00000| Complete 
| 139|0x0000000088b00000, 0x0000000088c00000, 0x0000000088c00000|100%| E|CS|TAMS 0x0000000088b00000, 0x0000000088b00000| Complete 

Card table byte_map: [0x000002819be70000,0x000002819c270000] _byte_map_base: 0x000002819ba70000

Marking Bits (Prev, Next): (CMBitMap*) 0x0000028188c647f8, (CMBitMap*) 0x0000028188c64830
 Prev Bits: [0x000002819c670000, 0x000002819e670000)
 Next Bits: [0x000002819e670000, 0x00000281a0670000)

Polling page: 0x00000281883f0000

Metaspace:

Usage:
  Non-class:     77.87 MB capacity,    76.65 MB ( 98%) used,  1008.19 KB (  1%) free+waste,   242.38 KB ( <1%) overhead. 
      Class:     12.25 MB capacity,    11.46 MB ( 94%) used,   697.20 KB (  6%) free+waste,   111.38 KB ( <1%) overhead. 
       Both:     90.12 MB capacity,    88.11 MB ( 98%) used,     1.67 MB (  2%) free+waste,   353.75 KB ( <1%) overhead. 

Virtual space:
  Non-class space:       78.00 MB reserved,      77.88 MB (>99%) committed 
      Class space:        1.00 GB reserved,      12.32 MB (  1%) committed 
             Both:        1.08 GB reserved,      90.20 MB (  8%) committed 

Chunk freelists:
   Non-Class:  9.00 KB
       Class:  4.00 KB
        Both:  13.00 KB

MaxMetaspaceSize: 17179869184.00 GB
CompressedClassSpaceSize: 1.00 GB
Initial GC threshold: 20.80 MB
Current GC threshold: 150.34 MB
CDS: off

CodeHeap 'non-profiled nmethods': size=120000Kb used=3806Kb max_used=3806Kb free=116193Kb
 bounds [0x0000028194210000, 0x00000281945d0000, 0x000002819b740000]
CodeHeap 'profiled nmethods': size=120000Kb used=17627Kb max_used=17627Kb free=102372Kb
 bounds [0x000002818cce0000, 0x000002818de20000, 0x0000028194210000]
CodeHeap 'non-nmethods': size=5760Kb used=2396Kb max_used=2438Kb free=3363Kb
 bounds [0x000002818c740000, 0x000002818c9b0000, 0x000002818cce0000]
 total_blobs=9682 nmethods=8755 adapters=839
 compilation: enabled
              stopped_count=0, restarted_count=0
 full_count=0

Compilation events (20 events):
Event: 34.361 Thread 0x00000281a30cf800 9118 %     3       groovy.lang.MetaClassImpl::applyStrayPropertyMethods @ 57 (288 bytes)
Event: 34.366 Thread 0x00000281a30cf800 nmethod 9118% 0x000002818de0b610 code [0x000002818de0bb40, 0x000002818de0edb8]
Event: 34.366 Thread 0x00000281a30cf800 9119       2       groovy.lang.MetaClassImpl$1::skipClass (17 bytes)
Event: 34.367 Thread 0x00000281a30cf800 nmethod 9119 0x000002818de0ff90 code [0x000002818de10140, 0x000002818de10258]
Event: 34.379 Thread 0x00000281a30cf800 9120       2       java.util.stream.SpinedBuffer::asArray (46 bytes)
Event: 34.379 Thread 0x00000281a30cf800 nmethod 9120 0x000002818de10310 code [0x000002818de10500, 0x000002818de107c8]
Event: 34.379 Thread 0x00000281a30cf800 9121       2       java.util.stream.SpinedBuffer::copyInto (129 bytes)
Event: 34.380 Thread 0x00000281a30cf800 nmethod 9121 0x000002818de10990 code [0x000002818de10ba0, 0x000002818de11338]
Event: 34.451 Thread 0x00000281a30cf800 9123 %     3       groovy.lang.MetaClassImpl$MethodIndexAction::iterate @ 32 (119 bytes)
Event: 34.453 Thread 0x00000281a30cf800 nmethod 9123% 0x000002818de11610 code [0x000002818de11840, 0x000002818de12358]
Event: 34.476 Thread 0x00000281a30cf800 9124       2       org.codehaus.groovy.reflection.ClassInfo::getWeakMetaClass (21 bytes)
Event: 34.477 Thread 0x00000281a30cf800 nmethod 9124 0x000002818de12710 code [0x000002818de128e0, 0x000002818de12a68]
Event: 34.477 Thread 0x00000281a30cf800 9125       2       org.codehaus.groovy.reflection.ClassInfo::isValidWeakMetaClass (30 bytes)
Event: 34.477 Thread 0x00000281a30cf800 nmethod 9125 0x000002818de12b90 code [0x000002818de12d40, 0x000002818de12ed8]
Event: 34.494 Thread 0x00000281a30cf800 9126 %     3       org.codehaus.groovy.runtime.metaclass.MetaMethodIndex::resize @ 20 (103 bytes)
Event: 34.494 Thread 0x00000281a30cf800 nmethod 9126% 0x000002818de12f90 code [0x000002818de13180, 0x000002818de137f8]
Event: 34.547 Thread 0x00000281a30cf800 9128       2       org.codehaus.groovy.runtime.metaclass.MetaMethodIndex::copyNonPrivateNonNewMetaMethods (24 bytes)
Event: 34.548 Thread 0x00000281a30cf800 nmethod 9128 0x000002818de13a90 code [0x000002818de13c40, 0x000002818de13de8]
Event: 34.562 Thread 0x00000281a30cf800 9129       2       java.util.ComparableTimSort::gallopRight (327 bytes)
Event: 34.564 Thread 0x00000281a30cf800 nmethod 9129 0x000002818de13f10 code [0x000002818de14120, 0x000002818de146f8]

GC Heap History (20 events):
Event: 25.735 GC heap before
{Heap before GC invocations=23 (full 0):
 garbage-first heap   total 118784K, used 92252K [0x0000000080000000, 0x0000000100000000)
  region size 1024K, 31 young (31744K), 3 survivors (3072K)
 Metaspace       used 73461K, capacity 75156K, committed 75472K, reserved 1114112K
  class space    used 9313K, capacity 9982K, committed 10060K, reserved 1048576K
}
Event: 25.751 GC heap after
{Heap after GC invocations=24 (full 0):
 garbage-first heap   total 118784K, used 65722K [0x0000000080000000, 0x0000000100000000)
  region size 1024K, 4 young (4096K), 4 survivors (4096K)
 Metaspace       used 73461K, capacity 75156K, committed 75472K, reserved 1114112K
  class space    used 9313K, capacity 9982K, committed 10060K, reserved 1048576K
}
Event: 26.660 GC heap before
{Heap before GC invocations=25 (full 0):
 garbage-first heap   total 118784K, used 93370K [0x0000000080000000, 0x0000000100000000)
  region size 1024K, 31 young (31744K), 4 survivors (4096K)
 Metaspace       used 73529K, capacity 75254K, committed 75472K, reserved 1114112K
  class space    used 9323K, capacity 10016K, committed 10060K, reserved 1048576K
}
Event: 26.674 GC heap after
{Heap after GC invocations=26 (full 0):
 garbage-first heap   total 118784K, used 67623K [0x0000000080000000, 0x0000000100000000)
  region size 1024K, 3 young (3072K), 3 survivors (3072K)
 Metaspace       used 73529K, capacity 75254K, committed 75472K, reserved 1114112K
  class space    used 9323K, capacity 10016K, committed 10060K, reserved 1048576K
}
Event: 28.123 GC heap before
{Heap before GC invocations=26 (full 0):
 garbage-first heap   total 118784K, used 95271K [0x0000000080000000, 0x0000000100000000)
  region size 1024K, 30 young (30720K), 3 survivors (3072K)
 Metaspace       used 76381K, capacity 78121K, committed 78288K, reserved 1118208K
  class space    used 9761K, capacity 10436K, committed 10572K, reserved 1048576K
}
Event: 28.131 GC heap after
{Heap after GC invocations=27 (full 0):
 garbage-first heap   total 118784K, used 69018K [0x0000000080000000, 0x0000000100000000)
  region size 1024K, 4 young (4096K), 4 survivors (4096K)
 Metaspace       used 76381K, capacity 78121K, committed 78288K, reserved 1118208K
  class space    used 9761K, capacity 10436K, committed 10572K, reserved 1048576K
}
Event: 29.273 GC heap before
{Heap before GC invocations=28 (full 0):
 garbage-first heap   total 118784K, used 96666K [0x0000000080000000, 0x0000000100000000)
  region size 1024K, 31 young (31744K), 4 survivors (4096K)
 Metaspace       used 79454K, capacity 81250K, committed 81360K, reserved 1120256K
  class space    used 10285K, capacity 10979K, committed 11084K, reserved 1048576K
}
Event: 29.280 GC heap after
{Heap after GC invocations=29 (full 0):
 garbage-first heap   total 118784K, used 70675K [0x0000000080000000, 0x0000000100000000)
  region size 1024K, 4 young (4096K), 4 survivors (4096K)
 Metaspace       used 79454K, capacity 81250K, committed 81360K, reserved 1120256K
  class space    used 10285K, capacity 10979K, committed 11084K, reserved 1048576K
}
Event: 30.155 GC heap before
{Heap before GC invocations=29 (full 0):
 garbage-first heap   total 118784K, used 98323K [0x0000000080000000, 0x0000000100000000)
  region size 1024K, 31 young (31744K), 4 survivors (4096K)
 Metaspace       used 82124K, capacity 83940K, committed 84048K, reserved 1122304K
  class space    used 10656K, capacity 11396K, committed 11468K, reserved 1048576K
}
Event: 30.173 GC heap after
{Heap after GC invocations=30 (full 0):
 garbage-first heap   total 118784K, used 72750K [0x0000000080000000, 0x0000000100000000)
  region size 1024K, 4 young (4096K), 4 survivors (4096K)
 Metaspace       used 82124K, capacity 83940K, committed 84048K, reserved 1122304K
  class space    used 10656K, capacity 11396K, committed 11468K, reserved 1048576K
}
Event: 31.085 GC heap before
{Heap before GC invocations=31 (full 0):
 garbage-first heap   total 118784K, used 97326K [0x0000000080000000, 0x0000000100000000)
  region size 1024K, 29 young (29696K), 4 survivors (4096K)
 Metaspace       used 84151K, capacity 85990K, committed 86096K, reserved 1124352K
  class space    used 10956K, capacity 11709K, committed 11724K, reserved 1048576K
}
Event: 31.098 GC heap after
{Heap after GC invocations=32 (full 0):
 garbage-first heap   total 118784K, used 74005K [0x0000000080000000, 0x0000000100000000)
  region size 1024K, 4 young (4096K), 4 survivors (4096K)
 Metaspace       used 84151K, capacity 85990K, committed 86096K, reserved 1124352K
  class space    used 10956K, capacity 11709K, committed 11724K, reserved 1048576K
}
Event: 32.095 GC heap before
{Heap before GC invocations=32 (full 0):
 garbage-first heap   total 118784K, used 99605K [0x0000000080000000, 0x0000000100000000)
  region size 1024K, 29 young (29696K), 4 survivors (4096K)
 Metaspace       used 87393K, capacity 89381K, committed 89680K, reserved 1126400K
  class space    used 11385K, capacity 12183K, committed 12236K, reserved 1048576K
}
Event: 32.104 GC heap after
{Heap after GC invocations=33 (full 0):
 garbage-first heap   total 118784K, used 75835K [0x0000000080000000, 0x0000000100000000)
  region size 1024K, 3 young (3072K), 3 survivors (3072K)
 Metaspace       used 87393K, capacity 89381K, committed 89680K, reserved 1126400K
  class space    used 11385K, capacity 12183K, committed 12236K, reserved 1048576K
}
Event: 33.188 GC heap before
{Heap before GC invocations=34 (full 0):
 garbage-first heap   total 118784K, used 100411K [0x0000000080000000, 0x0000000100000000)
  region size 1024K, 27 young (27648K), 3 survivors (3072K)
 Metaspace       used 89054K, capacity 91059K, committed 91216K, reserved 1128448K
  class space    used 11607K, capacity 12419K, committed 12492K, reserved 1048576K
}
Event: 33.201 GC heap after
{Heap after GC invocations=35 (full 0):
 garbage-first heap   total 118784K, used 77975K [0x0000000080000000, 0x0000000100000000)
  region size 1024K, 4 young (4096K), 4 survivors (4096K)
 Metaspace       used 89054K, capacity 91059K, committed 91216K, reserved 1128448K
  class space    used 11607K, capacity 12419K, committed 12492K, reserved 1048576K
}
Event: 33.980 GC heap before
{Heap before GC invocations=35 (full 0):
 garbage-first heap   total 118784K, used 100503K [0x0000000080000000, 0x0000000100000000)
  region size 1024K, 26 young (26624K), 4 survivors (4096K)
 Metaspace       used 90051K, capacity 92119K, committed 92368K, reserved 1128448K
  class space    used 11719K, capacity 12533K, committed 12620K, reserved 1048576K
}
Event: 34.004 GC heap after
{Heap after GC invocations=36 (full 0):
 garbage-first heap   total 118784K, used 80414K [0x0000000080000000, 0x0000000100000000)
  region size 1024K, 3 young (3072K), 3 survivors (3072K)
 Metaspace       used 90051K, capacity 92119K, committed 92368K, reserved 1128448K
  class space    used 11719K, capacity 12533K, committed 12620K, reserved 1048576K
}
Event: 34.499 GC heap before
{Heap before GC invocations=37 (full 0):
 garbage-first heap   total 118784K, used 100894K [0x0000000080000000, 0x0000000100000000)
  region size 1024K, 23 young (23552K), 3 survivors (3072K)
 Metaspace       used 90187K, capacity 92273K, committed 92368K, reserved 1128448K
  class space    used 11728K, capacity 12539K, committed 12620K, reserved 1048576K
}
Event: 34.509 GC heap after
{Heap after GC invocations=38 (full 0):
 garbage-first heap   total 143360K, used 82903K [0x0000000080000000, 0x0000000100000000)
  region size 1024K, 3 young (3072K), 3 survivors (3072K)
 Metaspace       used 90187K, capacity 92273K, committed 92368K, reserved 1128448K
  class space    used 11728K, capacity 12539K, committed 12620K, reserved 1048576K
}

Deoptimization events (20 events):
Event: 32.356 Thread 0x00000281a5c86800 DEOPT PACKING pc=0x000002818d97b1ec sp=0x00000092fabf7510
Event: 32.356 Thread 0x00000281a5c86800 DEOPT UNPACKING pc=0x000002818c78a95e sp=0x00000092fabf6ab0 mode 0
Event: 32.378 Thread 0x00000281a5c86800 Uncommon trap: trap_request=0xffffff4d fr.pc=0x0000028194450888 relative=0x0000000000000708
Event: 32.378 Thread 0x00000281a5c86800 Uncommon trap: reason=unstable_if action=reinterpret pc=0x0000028194450888 method=java.util.HashMap.putVal(ILjava/lang/Object;Ljava/lang/Object;ZZ)Ljava/lang/Object; @ 109 c2
Event: 32.378 Thread 0x00000281a5c86800 DEOPT PACKING pc=0x0000028194450888 sp=0x00000092fabf7270
Event: 32.378 Thread 0x00000281a5c86800 DEOPT UNPACKING pc=0x000002818c78a1af sp=0x00000092fabf7188 mode 2
Event: 32.378 Thread 0x00000281a5c86800 Uncommon trap: trap_request=0xffffff4d fr.pc=0x000002819439098c relative=0x000000000000068c
Event: 32.378 Thread 0x00000281a5c86800 Uncommon trap: reason=unstable_if action=reinterpret pc=0x000002819439098c method=java.util.HashMap.putVal(ILjava/lang/Object;Ljava/lang/Object;ZZ)Ljava/lang/Object; @ 109 c2
Event: 32.378 Thread 0x00000281a5c86800 DEOPT PACKING pc=0x000002819439098c sp=0x00000092fabf71c0
Event: 32.378 Thread 0x00000281a5c86800 DEOPT UNPACKING pc=0x000002818c78a1af sp=0x00000092fabf7178 mode 2
Event: 34.173 Thread 0x00000281a5c86800 Uncommon trap: trap_request=0xffffff4d fr.pc=0x000002819458bf74 relative=0x0000000000001bd4
Event: 34.174 Thread 0x00000281a5c86800 Uncommon trap: reason=unstable_if action=reinterpret pc=0x000002819458bf74 method=java.lang.ClassLoader.postDefineClass(Ljava/lang/Class;Ljava/security/ProtectionDomain;)V @ 17 c2
Event: 34.174 Thread 0x00000281a5c86800 DEOPT PACKING pc=0x000002819458bf74 sp=0x00000092fabf5960
Event: 34.176 Thread 0x00000281a5c86800 DEOPT UNPACKING pc=0x000002818c78a1af sp=0x00000092fabf5950 mode 2
Event: 34.180 Thread 0x00000281a5c86800 Uncommon trap: trap_request=0xffffff4d fr.pc=0x000002819448e00c relative=0x0000000000000bcc
Event: 34.180 Thread 0x00000281a5c86800 Uncommon trap: reason=unstable_if action=reinterpret pc=0x000002819448e00c method=java.lang.ClassLoader.loadClass(Ljava/lang/String;Z)Ljava/lang/Class; @ 29 c2
Event: 34.180 Thread 0x00000281a5c86800 DEOPT PACKING pc=0x000002819448e00c sp=0x00000092fabf5210
Event: 34.180 Thread 0x00000281a5c86800 DEOPT UNPACKING pc=0x000002818c78a1af sp=0x00000092fabf51d8 mode 2
Event: 34.295 Thread 0x00000281a5c86800 DEOPT PACKING pc=0x000002818d2cf1f8 sp=0x00000092fabf7100
Event: 34.295 Thread 0x00000281a5c86800 DEOPT UNPACKING pc=0x000002818c78a95e sp=0x00000092fabf6590 mode 0

Classes redefined (0 events):
No events

Internal exceptions (20 events):
Event: 34.473 Thread 0x00000281a5c86800 Exception <a 'java/lang/ClassNotFoundException'{0x00000000862deb40}: com/android/build/gradle/tasks/CompatibleScreensManifest_DecoratedCustomizer> (0x00000000862deb40) thrown at [src/hotspot/share/classfile/systemDictionary.cpp, line 230]
Event: 34.481 Thread 0x00000281a5c86800 Exception <a 'java/lang/ClassNotFoundException'{0x00000000861923a8}: com/android/build/gradle/tasks/ExtractDeepLinksTask_DecoratedBeanInfo> (0x00000000861923a8) thrown at [src/hotspot/share/classfile/systemDictionary.cpp, line 230]
Event: 34.482 Thread 0x00000281a5c86800 Exception <a 'java/lang/ClassNotFoundException'{0x00000000861af020}: com/android/build/gradle/tasks/ExtractDeepLinksTaskBeanInfo> (0x00000000861af020) thrown at [src/hotspot/share/classfile/systemDictionary.cpp, line 230]
Event: 34.484 Thread 0x00000281a5c86800 Exception <a 'java/lang/ClassNotFoundException'{0x00000000861cbd18}: com/android/build/gradle/tasks/ExtractDeepLinksTaskCustomizer> (0x00000000861cbd18) thrown at [src/hotspot/share/classfile/systemDictionary.cpp, line 230]
Event: 34.488 Thread 0x00000281a5c86800 Exception <a 'java/lang/ClassNotFoundException'{0x0000000086000ff0}: com/android/build/gradle/tasks/ExtractDeepLinksTask_DecoratedCustomizer> (0x0000000086000ff0) thrown at [src/hotspot/share/classfile/systemDictionary.cpp, line 230]
Event: 34.498 Thread 0x00000281a5c86800 Exception <a 'java/lang/ClassNotFoundException'{0x00000000860ebf30}: com/android/build/gradle/tasks/ProcessApplicationManifest_DecoratedBeanInfo> (0x00000000860ebf30) thrown at [src/hotspot/share/classfile/systemDictionary.cpp, line 230]
Event: 34.510 Thread 0x00000281a5c86800 Exception <a 'java/lang/ClassNotFoundException'{0x0000000088b09518}: com/android/build/gradle/tasks/ProcessApplicationManifestBeanInfo> (0x0000000088b09518) thrown at [src/hotspot/share/classfile/systemDictionary.cpp, line 230]
Event: 34.512 Thread 0x00000281a5c86800 Exception <a 'java/lang/ClassNotFoundException'{0x0000000088b26198}: com/android/build/gradle/tasks/ManifestProcessorTaskBeanInfo> (0x0000000088b26198) thrown at [src/hotspot/share/classfile/systemDictionary.cpp, line 230]
Event: 34.513 Thread 0x00000281a5c86800 Exception <a 'java/lang/ClassNotFoundException'{0x0000000088b43100}: com/android/build/gradle/tasks/ManifestProcessorTaskCustomizer> (0x0000000088b43100) thrown at [src/hotspot/share/classfile/systemDictionary.cpp, line 230]
Event: 34.515 Thread 0x00000281a5c86800 Exception <a 'java/lang/ClassNotFoundException'{0x0000000088b72a38}: com/android/build/gradle/tasks/ProcessApplicationManifestCustomizer> (0x0000000088b72a38) thrown at [src/hotspot/share/classfile/systemDictionary.cpp, line 230]
Event: 34.520 Thread 0x00000281a5c86800 Exception <a 'java/lang/ClassNotFoundException'{0x0000000088bd2cc8}: com/android/build/gradle/tasks/ProcessApplicationManifest_DecoratedCustomizer> (0x0000000088bd2cc8) thrown at [src/hotspot/share/classfile/systemDictionary.cpp, line 230]
Event: 34.532 Thread 0x00000281a5c86800 Exception <a 'java/lang/ClassNotFoundException'{0x0000000088ac6b88}: com/android/build/gradle/tasks/ProcessMultiApkApplicationManifest_DecoratedBeanInfo> (0x0000000088ac6b88) thrown at [src/hotspot/share/classfile/systemDictionary.cpp, line 230]
Event: 34.533 Thread 0x00000281a5c86800 Exception <a 'java/lang/ClassNotFoundException'{0x0000000088ae52f8}: com/android/build/gradle/tasks/ProcessMultiApkApplicationManifestBeanInfo> (0x0000000088ae52f8) thrown at [src/hotspot/share/classfile/systemDictionary.cpp, line 230]
Event: 34.535 Thread 0x00000281a5c86800 Exception <a 'java/lang/ClassNotFoundException'{0x0000000088905070}: com/android/build/gradle/tasks/ProcessMultiApkApplicationManifestCustomizer> (0x0000000088905070) thrown at [src/hotspot/share/classfile/systemDictionary.cpp, line 230]
Event: 34.540 Thread 0x00000281a5c86800 Exception <a 'java/lang/ClassNotFoundException'{0x00000000889438c0}: com/android/build/gradle/tasks/ProcessMultiApkApplicationManifest_DecoratedCustomizer> (0x00000000889438c0) thrown at [src/hotspot/share/classfile/systemDictionary.cpp, line 230]
Event: 34.549 Thread 0x00000281a5c86800 Exception <a 'java/lang/ClassNotFoundException'{0x00000000889fc610}: com/android/build/gradle/tasks/ProcessPackagedManifestTask_DecoratedBeanInfo> (0x00000000889fc610) thrown at [src/hotspot/share/classfile/systemDictionary.cpp, line 230]
Event: 34.551 Thread 0x00000281a5c86800 Exception <a 'java/lang/ClassNotFoundException'{0x000000008881a568}: com/android/build/gradle/tasks/ProcessPackagedManifestTaskBeanInfo> (0x000000008881a568) thrown at [src/hotspot/share/classfile/systemDictionary.cpp, line 230]
Event: 34.552 Thread 0x00000281a5c86800 Exception <a 'java/lang/ClassNotFoundException'{0x00000000888387e8}: com/android/build/gradle/tasks/ProcessPackagedManifestTaskCustomizer> (0x00000000888387e8) thrown at [src/hotspot/share/classfile/systemDictionary.cpp, line 230]
Event: 34.555 Thread 0x00000281a5c86800 Exception <a 'java/lang/ClassNotFoundException'{0x000000008886e8a0}: com/android/build/gradle/tasks/ProcessPackagedManifestTask_DecoratedCustomizer> (0x000000008886e8a0) thrown at [src/hotspot/share/classfile/systemDictionary.cpp, line 230]
Event: 34.566 Thread 0x00000281a5c86800 Exception <a 'java/lang/ClassNotFoundException'{0x000000008877a940}: com/android/build/gradle/internal/res/LinkApplicationAndroidResourcesTask_DecoratedBeanInfo> (0x000000008877a940) thrown at [src/hotspot/share/classfile/systemDictionary.cpp, line 230]

Events (20 events):
Event: 34.552 loading class com/android/build/gradle/tasks/ProcessPackagedManifestTaskCustomizer
Event: 34.552 loading class com/android/build/gradle/tasks/ProcessPackagedManifestTaskCustomizer done
Event: 34.554 loading class com/android/build/gradle/tasks/ProcessPackagedManifestTask_DecoratedCustomizer
Event: 34.554 loading class com/android/build/gradle/tasks/ProcessPackagedManifestTask_DecoratedCustomizer done
Event: 34.555 loading class com/android/build/gradle/tasks/ProcessPackagedManifestTask_DecoratedCustomizer
Event: 34.555 loading class com/android/build/gradle/tasks/ProcessPackagedManifestTask_DecoratedCustomizer done
Event: 34.555 loading class com/android/build/gradle/tasks/ProcessPackagedManifestTask_DecoratedCustomizer
Event: 34.555 loading class com/android/build/gradle/tasks/ProcessPackagedManifestTask_DecoratedCustomizer done
Event: 34.558 loading class groovy/runtime/metaclass/com/android/build/gradle/internal/res/LinkApplicationAndroidResourcesTask_DecoratedMetaClass
Event: 34.558 loading class groovy/runtime/metaclass/com/android/build/gradle/internal/res/LinkApplicationAndroidResourcesTask_DecoratedMetaClass done
Event: 34.564 loading class com/android/build/gradle/internal/res/LinkApplicationAndroidResourcesTask_DecoratedBeanInfo
Event: 34.564 loading class com/android/build/gradle/internal/res/LinkApplicationAndroidResourcesTask_DecoratedBeanInfo done
Event: 34.566 loading class com/android/build/gradle/internal/res/LinkApplicationAndroidResourcesTask_DecoratedBeanInfo
Event: 34.566 loading class com/android/build/gradle/internal/res/LinkApplicationAndroidResourcesTask_DecoratedBeanInfo done
Event: 34.566 loading class com/android/build/gradle/internal/res/LinkApplicationAndroidResourcesTask_DecoratedBeanInfo
Event: 34.566 loading class com/android/build/gradle/internal/res/LinkApplicationAndroidResourcesTask_DecoratedBeanInfo done
Event: 34.567 loading class com/android/build/gradle/internal/res/LinkApplicationAndroidResourcesTaskBeanInfo
Event: 34.567 loading class com/android/build/gradle/internal/res/LinkApplicationAndroidResourcesTaskBeanInfo done
Event: 34.567 loading class com/android/build/gradle/internal/res/LinkApplicationAndroidResourcesTaskBeanInfo
Event: 34.567 loading class com/android/build/gradle/internal/res/LinkApplicationAndroidResourcesTaskBeanInfo done


Dynamic libraries:
0x00007ff679730000 - 0x00007ff67973a000 	C:\Program Files\Android\Android Studio\jbr\bin\java.exe
0x00007ffb9e950000 - 0x00007ffb9eb64000 	C:\WINDOWS\SYSTEM32\ntdll.dll
0x00007ffb9e520000 - 0x00007ffb9e5e2000 	C:\WINDOWS\System32\KERNEL32.DLL
0x00007ffb9bec0000 - 0x00007ffb9c263000 	C:\WINDOWS\System32\KERNELBASE.dll
0x00007ffb9bd70000 - 0x00007ffb9be81000 	C:\WINDOWS\System32\ucrtbase.dll
0x00007ffb8cca0000 - 0x00007ffb8ccbb000 	C:\Program Files\Android\Android Studio\jbr\bin\VCRUNTIME140.dll
0x00007ffb8cb40000 - 0x00007ffb8cb57000 	C:\Program Files\Android\Android Studio\jbr\bin\jli.dll
0x00007ffb9e1f0000 - 0x00007ffb9e39b000 	C:\WINDOWS\System32\USER32.dll
0x00007ffb9be90000 - 0x00007ffb9beb6000 	C:\WINDOWS\System32\win32u.dll
0x00007ffb86960000 - 0x00007ffb86bee000 	C:\WINDOWS\WinSxS\amd64_microsoft.windows.common-controls_6595b64144ccf1df_6.0.22621.1635_none_270f70857386168e\COMCTL32.dll
0x00007ffb9df80000 - 0x00007ffb9dfa9000 	C:\WINDOWS\System32\GDI32.dll
0x00007ffb9d1b0000 - 0x00007ffb9d257000 	C:\WINDOWS\System32\msvcrt.dll
0x00007ffb9c3e0000 - 0x00007ffb9c4f8000 	C:\WINDOWS\System32\gdi32full.dll
0x00007ffb9c6b0000 - 0x00007ffb9c74a000 	C:\WINDOWS\System32\msvcp_win.dll
0x00007ffb9e1b0000 - 0x00007ffb9e1e1000 	C:\WINDOWS\System32\IMM32.DLL
0x00007ffb92430000 - 0x00007ffb9243c000 	C:\Program Files\Android\Android Studio\jbr\bin\vcruntime140_1.dll
0x00007ffb657e0000 - 0x00007ffb6586d000 	C:\Program Files\Android\Android Studio\jbr\bin\msvcp140.dll
0x00007ffb5a280000 - 0x00007ffb5ae3c000 	C:\Program Files\Android\Android Studio\jbr\bin\server\jvm.dll
0x00007ffb9d0e0000 - 0x00007ffb9d18e000 	C:\WINDOWS\System32\ADVAPI32.dll
0x00007ffb9e010000 - 0x00007ffb9e0b4000 	C:\WINDOWS\System32\sechost.dll
0x00007ffb9e3a0000 - 0x00007ffb9e4b7000 	C:\WINDOWS\System32\RPCRT4.dll
0x00007ffb9d260000 - 0x00007ffb9d268000 	C:\WINDOWS\System32\PSAPI.DLL
0x00007ffb89290000 - 0x00007ffb89299000 	C:\WINDOWS\SYSTEM32\WSOCK32.dll
0x00007ffb935a0000 - 0x00007ffb935d4000 	C:\WINDOWS\SYSTEM32\WINMM.dll
0x00007ffb9d270000 - 0x00007ffb9d2e1000 	C:\WINDOWS\System32\WS2_32.dll
0x00007ffb919c0000 - 0x00007ffb919ca000 	C:\WINDOWS\SYSTEM32\VERSION.dll
0x00007ffb9ad90000 - 0x00007ffb9ada8000 	C:\WINDOWS\SYSTEM32\kernel.appcore.dll
0x00007ffb96110000 - 0x00007ffb96120000 	C:\Program Files\Android\Android Studio\jbr\bin\verify.dll
0x00007ffb82780000 - 0x00007ffb829ae000 	C:\WINDOWS\SYSTEM32\DBGHELP.DLL
0x00007ffb9db40000 - 0x00007ffb9dec9000 	C:\WINDOWS\System32\combase.dll
0x00007ffb9e0d0000 - 0x00007ffb9e1a7000 	C:\WINDOWS\System32\OLEAUT32.dll
0x00007ffb7d6e0000 - 0x00007ffb7d712000 	C:\WINDOWS\SYSTEM32\dbgcore.DLL
0x00007ffb9c500000 - 0x00007ffb9c57b000 	C:\WINDOWS\System32\bcryptPrimitives.dll
0x00007ffb922e0000 - 0x00007ffb92308000 	C:\Program Files\Android\Android Studio\jbr\bin\java.dll
0x00007ffb8e2c0000 - 0x00007ffb8e2ca000 	C:\Program Files\Android\Android Studio\jbr\bin\jimage.dll
0x00007ffb8e2a0000 - 0x00007ffb8e2b8000 	C:\Program Files\Android\Android Studio\jbr\bin\zip.dll
0x00007ffb9d2f0000 - 0x00007ffb9daea000 	C:\WINDOWS\System32\SHELL32.dll
0x00007ffb99d20000 - 0x00007ffb9a5ee000 	C:\WINDOWS\SYSTEM32\windows.storage.dll
0x00007ffb99be0000 - 0x00007ffb99d1e000 	C:\WINDOWS\SYSTEM32\wintypes.dll
0x00007ffb9e5f0000 - 0x00007ffb9e6e1000 	C:\WINDOWS\System32\SHCORE.dll
0x00007ffb9e4c0000 - 0x00007ffb9e51e000 	C:\WINDOWS\System32\shlwapi.dll
0x00007ffb9bca0000 - 0x00007ffb9bcc1000 	C:\WINDOWS\SYSTEM32\profapi.dll
0x00007ffb8e1d0000 - 0x00007ffb8e1e9000 	C:\Program Files\Android\Android Studio\jbr\bin\net.dll
0x00007ffb932a0000 - 0x00007ffb933d7000 	C:\WINDOWS\SYSTEM32\WINHTTP.dll
0x00007ffb9b230000 - 0x00007ffb9b299000 	C:\WINDOWS\system32\mswsock.dll
0x00007ffb8da10000 - 0x00007ffb8da23000 	C:\Program Files\Android\Android Studio\jbr\bin\nio.dll
0x00007ffb8a620000 - 0x00007ffb8a647000 	C:\Users\User\.gradle\native\e1d6ef7f7dcc3fd88c89a11ec53ec762bb8ba0a96d01ffa2cd45eb1d1d8dd5c5\windows-amd64\native-platform.dll
0x00007ffb5f610000 - 0x00007ffb5f754000 	C:\Users\User\.gradle\native\0d407fdbe67a94daf76414ababcb853783967236a71b16ec16e742cd7a986fd3\windows-amd64\native-platform-file-events.dll
0x00007ffb8d990000 - 0x00007ffb8d99a000 	C:\Program Files\Android\Android Studio\jbr\bin\management.dll
0x00007ffb8d980000 - 0x00007ffb8d98b000 	C:\Program Files\Android\Android Studio\jbr\bin\management_ext.dll
0x00007ffb9b490000 - 0x00007ffb9b4ab000 	C:\WINDOWS\SYSTEM32\CRYPTSP.dll
0x00007ffb9ad00000 - 0x00007ffb9ad35000 	C:\WINDOWS\system32\rsaenh.dll
0x00007ffb9b330000 - 0x00007ffb9b358000 	C:\WINDOWS\SYSTEM32\USERENV.dll
0x00007ffb9b630000 - 0x00007ffb9b658000 	C:\WINDOWS\SYSTEM32\bcrypt.dll
0x00007ffb9b4b0000 - 0x00007ffb9b4bc000 	C:\WINDOWS\SYSTEM32\CRYPTBASE.dll
0x00007ffb9a850000 - 0x00007ffb9a87d000 	C:\WINDOWS\SYSTEM32\IPHLPAPI.DLL
0x00007ffb9ded0000 - 0x00007ffb9ded9000 	C:\WINDOWS\System32\NSI.dll
0x00007ffb93490000 - 0x00007ffb934a9000 	C:\WINDOWS\SYSTEM32\dhcpcsvc6.DLL
0x00007ffb93470000 - 0x00007ffb9348f000 	C:\WINDOWS\SYSTEM32\dhcpcsvc.DLL
0x00007ffb9a8c0000 - 0x00007ffb9a9b3000 	C:\WINDOWS\SYSTEM32\DNSAPI.dll
0x00007ffb8cd10000 - 0x00007ffb8cd37000 	C:\Program Files\Android\Android Studio\jbr\bin\sunec.dll
0x00007ffb8f660000 - 0x00007ffb8f66a000 	C:\Windows\System32\rasadhlp.dll
0x00007ffb91bb0000 - 0x00007ffb91c34000 	C:\WINDOWS\System32\fwpuclnt.dll
0x00007ffb81600000 - 0x00007ffb81617000 	C:\WINDOWS\system32\napinsp.dll
0x00007ffb80b50000 - 0x00007ffb80b6b000 	C:\WINDOWS\system32\pnrpnsp.dll
0x00007ffb800e0000 - 0x00007ffb800f1000 	C:\WINDOWS\System32\winrnr.dll
0x00007ffb93430000 - 0x00007ffb93445000 	C:\WINDOWS\system32\wshbth.dll
0x00007ffb80050000 - 0x00007ffb80071000 	C:\WINDOWS\system32\nlansp_c.dll

dbghelp: loaded successfully - version: 4.0.5 - missing functions: none
symbol engine: initialized successfully - sym options: 0x614 - pdb path: .;C:\Program Files\Android\Android Studio\jbr\bin;C:\WINDOWS\SYSTEM32;C:\WINDOWS\WinSxS\amd64_microsoft.windows.common-controls_6595b64144ccf1df_6.0.22621.1635_none_270f70857386168e;C:\Program Files\Android\Android Studio\jbr\bin\server;C:\Users\User\.gradle\native\e1d6ef7f7dcc3fd88c89a11ec53ec762bb8ba0a96d01ffa2cd45eb1d1d8dd5c5\windows-amd64;C:\Users\User\.gradle\native\0d407fdbe67a94daf76414ababcb853783967236a71b16ec16e742cd7a986fd3\windows-amd64

VM Arguments:
jvm_args: --add-opens=java.base/java.util=ALL-UNNAMED --add-opens=java.base/java.lang=ALL-UNNAMED --add-opens=java.base/java.lang.invoke=ALL-UNNAMED --add-opens=java.base/java.util=ALL-UNNAMED --add-opens=java.prefs/java.util.prefs=ALL-UNNAMED --add-opens=java.prefs/java.util.prefs=ALL-UNNAMED --add-opens=java.base/java.nio.charset=ALL-UNNAMED --add-opens=java.base/java.net=ALL-UNNAMED --add-opens=java.base/java.util.concurrent.atomic=ALL-UNNAMED -Xmx2048m -Dfile.encoding=UTF-8 -Duser.country=CO -Duser.language=es -Duser.variant 
java_command: org.gradle.launcher.daemon.bootstrap.GradleDaemon 7.5
java_class_path (initial): C:\Users\User\.gradle\wrapper\dists\gradle-7.5-bin\f1w0cc9nuo0eivz97x2xlu9sv\gradle-7.5\lib\gradle-launcher-7.5.jar
Launcher Type: SUN_STANDARD

[Global flags]
     intx CICompilerCount                          = 4                                         {product} {ergonomic}
     uint ConcGCThreads                            = 2                                         {product} {ergonomic}
     uint G1ConcRefinementThreads                  = 8                                         {product} {ergonomic}
   size_t G1HeapRegionSize                         = 1048576                                   {product} {ergonomic}
    uintx GCDrainStackTargetSize                   = 64                                        {product} {ergonomic}
   size_t InitialHeapSize                          = 100663296                                 {product} {ergonomic}
   size_t MarkStackSize                            = 4194304                                   {product} {ergonomic}
   size_t MaxHeapSize                              = 2147483648                                {product} {command line}
   size_t MaxNewSize                               = 1287651328                                {product} {ergonomic}
   size_t MinHeapDeltaBytes                        = 1048576                                   {product} {ergonomic}
    uintx NonNMethodCodeHeapSize                   = 5836300                                {pd product} {ergonomic}
    uintx NonProfiledCodeHeapSize                  = 122910970                              {pd product} {ergonomic}
    uintx ProfiledCodeHeapSize                     = 122910970                              {pd product} {ergonomic}
    uintx ReservedCodeCacheSize                    = 251658240                              {pd product} {ergonomic}
     bool SegmentedCodeCache                       = true                                      {product} {ergonomic}
     bool UseCompressedClassPointers               = true                                 {lp64_product} {ergonomic}
     bool UseCompressedOops                        = true                                 {lp64_product} {ergonomic}
     bool UseG1GC                                  = true                                      {product} {ergonomic}
     bool UseLargePagesIndividualAllocation        = false                                  {pd product} {ergonomic}

Logging:
Log output configuration:
 #0: stdout all=warning uptime,level,tags
 #1: stderr all=off uptime,level,tags

Environment Variables:
PATH=C:\Program Files\Eclipse Adoptium\jdk-17.0.6.10-hotspot\bin;"C:\Python27\;C:\Python27\Scripts;";C:\Program Files\Common Files\Siemens\Automation\Simatic OAM\bin;C:\ProgramData\Oracle\Java\javapath;C:\WINDOWS\system32;C:\WINDOWS;C:\WINDOWS\System32\Wbem;C:\WINDOWS\System32\WindowsPowerShell\v1.0\;C:\WINDOWS\System32\OpenSSH\;C:\Program Files\Polyspace\R2019a\runtime\win64;C:\Program Files\Polyspace\R2019a\bin;C:\Program Files\Polyspace\R2019a\polyspace\bin;C:\Program Files\Microsoft SQL Server\Client SDK\ODBC\130\Tools\Binn\;C:\Program Files (x86)\Microsoft SQL Server\130\Tools\Binn\;C:\Program Files\Microsoft SQL Server\130\Tools\Binn\;C:\Program Files\Microsoft SQL Server\130\DTS\Binn\;C:\Program Files (x86)\Common Files\Siemens\;C:\Program Files (x86)\Common Files\Siemens\Interfaces;C:\Program Files (x86)\Common Files\Siemens\ACE\Interfaces;C:\Program Files\PuTTY\;C:\Program Files\Git\cmd;C:\Program Files (x86)\IVI Foundation\VISA\WinNT\Bin\;C:\Program Files\IVI Foundation\VISA\Win64\Bin\;C:\Program Files (x86)\IVI Foundation\IVI\Bin\;C:\Program Files\IVI Foundation\IVI\Bin\;C:\Program Files (x86)\IVI Foundation\VISA\WinNT\Bin;C:\Program Files\Docker\Docker\resources\bin;C:\Users\User\AppData\Local\Programs\Python\Python311\Scripts\;C:\Users\User\AppData\Local\Programs\Python\Python311\;"C:\Python27\;C:\Python27\Scripts;";C:\Users\User\AppData\Local\Microsoft\WindowsApps;C:\Users\User\AppData\Local\GitHubDesktop\bin;;C:\Users\User\AppData\Local\Programs\Microsoft VS Code\bin
USERNAME=User
OS=Windows_NT
PROCESSOR_IDENTIFIER=AMD64 Family 23 Model 24 Stepping 1, AuthenticAMD



---------------  S Y S T E M  ---------------

OS: Windows 11 , 64 bit Build 22621 (10.0.22621.1635)
OS uptime: 5 days 0:02 hours
Hyper-V role detected

CPU:total 8 (initial active 8) (8 cores per cpu, 2 threads per core) family 23 model 24 stepping 1 microcode 0x0, cmov, cx8, fxsr, mmx, sse, sse2, sse3, ssse3, sse4.1, sse4.2, popcnt, avx, avx2, aes, clmul, mmxext, 3dnowpref, lzcnt, sse4a, ht, tsc, tscinvbit, tscinv, bmi1, bmi2, adx, sha, fma

Memory: 4k page, system-wide physical 6079M (163M free)
TotalPageFile size 13274M (AvailPageFile size 2M)
current process WorkingSet (physical memory assigned to process): 370M, peak: 370M
current process commit charge ("private bytes"): 413M, peak: 414M

vm_info: OpenJDK 64-Bit Server VM (11.0.15+0-b2043.56-9505619) for windows-amd64 JRE (11.0.15+0-b2043.56-9505619), built on Jan 19 2023 02:48:00 by "builduser" with unknown MS VC++:1929

END.
